<?xml version="1.0" encoding="UTF-8"?>
<!-- Generated by org.testng.reporters.JUnitReportReporter -->
<testsuite hostname="DESKTOP-1IBMQKL" failures="0" tests="1" name="practice.Javascript" time="10.530" errors="0" timestamp="2024-09-09T17:21:43 IST" skipped="0">
  <testcase classname="practice.Javascript" name="testJavascriptMethod" time="10.530"/>
</testsuite> <!-- practice.Javascript -->
