<?xml version="1.0" encoding="UTF-8"?>
<!-- Generated by org.testng.reporters.JUnitReportReporter -->
<testsuite hostname="DESKTOP-1IBMQKL" failures="0" tests="1" name="Framework.LoginTest" time="1.664" errors="0" timestamp="2024-09-01T12:44:26 IST" skipped="0">
  <testcase classname="Framework.LoginTest" name="login" time="1.664"/>
</testsuite> <!-- Framework.LoginTest -->
