<?xml version="1.0" encoding="UTF-8"?>
<!-- Generated by org.testng.reporters.JUnitReportReporter -->
<testsuite hostname="DESKTOP-1IBMQKL" failures="0" tests="1" name="testCases.LoginTest" time="1.990" errors="0" timestamp="2024-09-02T21:06:06 IST" skipped="0">
  <testcase classname="testCases.LoginTest" name="loginSuccessful" time="1.990"/>
</testsuite> <!-- testCases.LoginTest -->
